c:\users\admin\source\repos\asm\debug\asm.exe
c:\users\admin\source\repos\asm\debug\asm.pdb
c:\users\admin\source\repos\asm\asm\debug\songuyento.obj
c:\users\admin\source\repos\asm\asm\debug\asm.ilk
c:\users\admin\source\repos\asm\asm\debug\chinhhop.obj
c:\users\admin\source\repos\asm\asm\debug\chuoicon.obj
c:\users\admin\source\repos\asm\asm\debug\dectohex.obj
c:\users\admin\source\repos\asm\asm\debug\for.obj
c:\users\admin\source\repos\asm\asm\debug\hoanvi.obj
c:\users\admin\source\repos\asm\asm\debug\ifthenelse.obj
c:\users\admin\source\repos\asm\asm\debug\switch.obj
c:\users\admin\source\repos\asm\asm\debug\tichn.obj
c:\users\admin\source\repos\asm\asm\debug\tohop.obj
c:\users\admin\source\repos\asm\asm\debug\tongn.obj
c:\users\admin\source\repos\asm\asm\debug\while.obj
c:\users\admin\source\repos\asm\asm\debug\vc143.idb
c:\users\admin\source\repos\asm\asm\debug\vc143.pdb
c:\users\admin\source\repos\asm\asm\debug\asm.tlog\cl.command.1.tlog
c:\users\admin\source\repos\asm\asm\debug\asm.tlog\link.command.1.tlog
c:\users\admin\source\repos\asm\asm\debug\asm.tlog\link.read.1.tlog
c:\users\admin\source\repos\asm\asm\debug\asm.tlog\link.secondary.1.tlog
c:\users\admin\source\repos\asm\asm\debug\asm.tlog\link.write.1.tlog
c:\users\admin\source\repos\asm\asm\debug\asm.tlog\masm.read.1u.tlog
c:\users\admin\source\repos\asm\asm\debug\asm.tlog\masm.write.1u.tlog
